<?xml version="1.0" encoding="UTF-8"?>
<testsuite xmlns:xsi="http://www.w3.org/2001/XMLSchema-instance" xsi:noNamespaceSchemaLocation="https://maven.apache.org/surefire/maven-surefire-plugin/xsd/surefire-test-report-3.0.xsd" version="3.0" name="com.services.authentication.AuthenticationApplicationTests" time="2.339" tests="1" errors="0" skipped="0" failures="0">
  <properties>
[...]
</properties>
  <testcase name="contextLoads" classname="com.services.authentication.AuthenticationApplicationTests" time="0.705">
    <system-out><![CDATA[19:45:56.983 [main] INFO org.springframework.test.context.support.AnnotationConfigContextLoaderUtils -- Could not detect default configuration classes for test class [com.services.authentication.AuthenticationApplicationTests]: AuthenticationApplicationTests does not declare any static, non-private, non-final, nested classes annotated with @Configuration.
19:45:57.086 [main] INFO org.springframework.boot.test.context.SpringBootTestContextBootstrapper -- Found @SpringBootConfiguration com.services.authentication.AuthenticationApplication for test class com.services.authentication.AuthenticationApplicationTests

  .   ____          _            __ _ _
 /\\ / ___'_ __ _ _(_)_ __  __ _ \ \ \ \
( ( )\___ | '_ | '_| | '_ \/ _` | \ \ \ \
 \\/  ___)| |_)| | | | | || (_| |  ) ) ) )
  '  |____| .__|_| |_|_| |_\__, | / / / /
 =========|_|==============|___/=/_/_/_/
 :: Spring Boot ::                (v3.1.2)

2023-08-14T19:45:57.468+03:00  INFO 3612 --- [           main] c.s.a.AuthenticationApplicationTests     : Starting AuthenticationApplicationTests using Java 20 with PID 3612 (started by moham in C:\Users\moham\OneDrive\Desktop\authentication)
2023-08-14T19:45:57.470+03:00  INFO 3612 --- [           main] c.s.a.AuthenticationApplicationTests     : No active profile set, falling back to 1 default profile: "default"
2023-08-14T19:45:58.465+03:00  INFO 3612 --- [           main] c.s.a.AuthenticationApplicationTests     : Started AuthenticationApplicationTests in 1.263 seconds (process running for 2.083)
]]></system-out>
  </testcase>
</testsuite>